<?xml version="1.0" encoding="UTF-8"?>
<!-- Generated by org.testng.reporters.JUnitReportReporter -->
<testsuite hostname="ashok" failures="0" tests="1" name="Selenium_Maven.Maven_TestNg_Project.Mavenprogram" time="5.741" errors="0" timestamp="2024-08-19T17:37:52 IST" skipped="0">
  <testcase classname="Selenium_Maven.Maven_TestNg_Project.Mavenprogram" name="A" time="5.741"/>
  <system-out/>
</testsuite> <!-- Selenium_Maven.Maven_TestNg_Project.Mavenprogram -->
